  main.cpp
c:\users\liudunhui\documents\visual studio 2015\projects\waves\waves\main.cpp(61): warning C4244: “参数”: 从“double”转换到“int”，可能丢失数据
c:\users\liudunhui\documents\visual studio 2015\projects\waves\waves\main.cpp(65): warning C4244: “参数”: 从“double”转换到“int”，可能丢失数据
c:\users\liudunhui\documents\visual studio 2015\projects\waves\waves\main.cpp(67): warning C4244: “参数”: 从“double”转换到“int”，可能丢失数据
c:\users\liudunhui\documents\visual studio 2015\projects\waves\waves\main.cpp(107): warning C4996: 'scanf': This function or variable may be unsafe. Consider using scanf_s instead. To disable deprecation, use _CRT_SECURE_NO_WARNINGS. See online help for details.
  c:\program files (x86)\windows kits\10\include\10.0.10240.0\ucrt\stdio.h(1270): note: 参见“scanf”的声明
c:\users\liudunhui\documents\visual studio 2015\projects\waves\waves\main.cpp(109): warning C4996: 'scanf': This function or variable may be unsafe. Consider using scanf_s instead. To disable deprecation, use _CRT_SECURE_NO_WARNINGS. See online help for details.
  c:\program files (x86)\windows kits\10\include\10.0.10240.0\ucrt\stdio.h(1270): note: 参见“scanf”的声明
c:\users\liudunhui\documents\visual studio 2015\projects\waves\waves\main.cpp(121): warning C4996: 'scanf': This function or variable may be unsafe. Consider using scanf_s instead. To disable deprecation, use _CRT_SECURE_NO_WARNINGS. See online help for details.
  c:\program files (x86)\windows kits\10\include\10.0.10240.0\ucrt\stdio.h(1270): note: 参见“scanf”的声明
c:\users\liudunhui\documents\visual studio 2015\projects\waves\waves\main.cpp(133): warning C4996: 'scanf': This function or variable may be unsafe. Consider using scanf_s instead. To disable deprecation, use _CRT_SECURE_NO_WARNINGS. See online help for details.
  c:\program files (x86)\windows kits\10\include\10.0.10240.0\ucrt\stdio.h(1270): note: 参见“scanf”的声明
c:\users\liudunhui\documents\visual studio 2015\projects\waves\waves\main.cpp(135): warning C4996: 'scanf': This function or variable may be unsafe. Consider using scanf_s instead. To disable deprecation, use _CRT_SECURE_NO_WARNINGS. See online help for details.
  c:\program files (x86)\windows kits\10\include\10.0.10240.0\ucrt\stdio.h(1270): note: 参见“scanf”的声明
c:\users\liudunhui\documents\visual studio 2015\projects\waves\waves\main.cpp(137): warning C4996: 'scanf': This function or variable may be unsafe. Consider using scanf_s instead. To disable deprecation, use _CRT_SECURE_NO_WARNINGS. See online help for details.
  c:\program files (x86)\windows kits\10\include\10.0.10240.0\ucrt\stdio.h(1270): note: 参见“scanf”的声明
c:\users\liudunhui\documents\visual studio 2015\projects\waves\waves\main.cpp(139): warning C4996: 'scanf': This function or variable may be unsafe. Consider using scanf_s instead. To disable deprecation, use _CRT_SECURE_NO_WARNINGS. See online help for details.
  c:\program files (x86)\windows kits\10\include\10.0.10240.0\ucrt\stdio.h(1270): note: 参见“scanf”的声明
  waves.vcxproj -> C:\Users\liudunhui\Documents\Visual Studio 2015\Projects\waves\Debug\waves.exe
  waves.vcxproj -> C:\Users\liudunhui\Documents\Visual Studio 2015\Projects\waves\Debug\waves.pdb (Full PDB)
